SF:lib/features/book/domain/book_usecase.dart
DA:7,1
DA:8,1
DA:9,1
DA:10,1
DA:11,0
DA:12,0
DA:13,0
DA:14,0
DA:19,1
DA:20,1
DA:21,1
DA:22,3
DA:24,1
DA:25,1
DA:26,3
DA:28,1
DA:30,3
DA:32,1
DA:44,0
DA:54,0
DA:56,0
DA:57,0
DA:58,0
DA:59,0
DA:65,0
DA:66,0
DA:72,2
DA:74,2
DA:75,2
DA:76,4
DA:77,6
DA:78,2
LF:32
LH:20
end_of_record
SF:lib/features/book/external_interface/book_gateway.dart
DA:9,2
DA:10,2
DA:15,2
DA:17,2
DA:20,2
DA:22,2
DA:23,2
DA:27,2
DA:29,2
DA:34,1
LF:10
LH:10
end_of_record
SF:lib/providers.dart
DA:8,1
DA:10,2
DA:12,2
DA:14,2
DA:17,3
DA:18,2
DA:21,3
DA:22,4
LF:8
LH:8
end_of_record
SF:lib/features/book/domain/book_entity.dart
DA:6,1
DA:16,1
DA:17,1
DA:18,1
DA:19,1
DA:20,1
DA:23,1
DA:28,1
DA:29,0
DA:30,1
DA:31,1
LF:11
LH:10
end_of_record
SF:lib/features/book/domain/book_model.dart
DA:5,2
DA:21,2
DA:22,2
DA:23,2
DA:24,2
DA:25,2
DA:26,2
DA:27,2
DA:28,2
DA:32,0
DA:33,0
DA:34,0
DA:35,0
DA:36,0
DA:37,0
DA:38,0
DA:39,0
DA:42,0
DA:44,0
LF:19
LH:9
end_of_record
