SF:lib/features/book/domain/book_usecase.dart
DA:7,4
DA:8,4
DA:9,4
DA:10,4
DA:11,4
DA:12,2
DA:13,2
DA:14,2
DA:19,3
DA:20,3
DA:21,3
DA:22,9
DA:24,3
DA:25,3
DA:26,6
DA:28,2
DA:30,6
DA:32,2
DA:44,3
DA:54,2
DA:56,2
DA:57,2
DA:58,2
DA:59,2
DA:65,0
DA:66,0
DA:72,3
DA:74,3
DA:75,3
DA:76,6
DA:77,9
DA:78,3
LF:32
LH:30
end_of_record
SF:lib/features/book/external_interface/book_gateway.dart
DA:8,3
DA:9,3
DA:14,3
DA:16,3
DA:19,3
DA:21,3
DA:22,3
DA:26,2
DA:28,2
DA:33,1
LF:10
LH:10
end_of_record
SF:lib/providers.dart
DA:9,7
DA:11,6
DA:13,2
DA:15,2
DA:18,9
DA:19,6
DA:22,6
DA:23,8
DA:26,0
DA:27,0
DA:29,0
DA:30,0
DA:35,0
DA:36,0
DA:37,0
LF:15
LH:8
end_of_record
SF:lib/features/book/domain/book_entity.dart
DA:6,4
DA:16,1
DA:17,1
DA:18,1
DA:19,1
DA:20,1
DA:23,3
DA:28,3
DA:29,0
DA:30,3
DA:31,3
LF:11
LH:10
end_of_record
SF:lib/features/book/domain/book_model.dart
DA:5,4
DA:21,3
DA:22,3
DA:23,3
DA:24,3
DA:25,3
DA:26,3
DA:27,3
DA:28,3
DA:32,0
DA:33,0
DA:35,0
DA:37,0
LF:13
LH:9
end_of_record
SF:lib/features/book/presentation/book_presenter.dart
DA:9,3
DA:13,3
DA:18,3
DA:20,3
DA:23,3
DA:28,3
DA:29,3
DA:30,3
DA:31,5
DA:32,3
DA:33,3
DA:34,3
DA:38,2
DA:40,4
DA:41,2
DA:42,3
DA:49,2
DA:50,2
DA:51,2
DA:52,2
DA:53,2
DA:54,2
DA:55,2
DA:56,2
LF:24
LH:24
end_of_record
SF:lib/features/book/presentation/book_view_model.dart
DA:4,3
DA:17,1
DA:18,1
DA:19,1
DA:20,1
DA:21,1
DA:26,4
DA:42,1
DA:43,1
DA:44,1
DA:45,1
DA:46,1
DA:47,1
DA:48,1
DA:49,1
LF:15
LH:15
end_of_record
SF:lib/features/book/presentation/book_detail_ui.dart
DA:5,2
DA:12,2
DA:14,2
DA:15,2
DA:16,6
DA:18,2
DA:19,2
DA:21,2
DA:23,2
DA:24,2
DA:25,4
DA:26,6
DA:30,2
DA:31,4
DA:39,2
DA:40,4
DA:48,2
DA:49,6
DA:56,2
DA:57,6
LF:20
LH:20
end_of_record
SF:lib/features/book/presentation/book_ui.dart
DA:9,2
DA:11,2
DA:12,2
DA:14,2
DA:17,2
DA:19,4
DA:20,2
DA:21,2
DA:24,2
DA:27,1
DA:28,1
DA:30,1
DA:31,2
DA:43,1
DA:46,1
DA:48,1
DA:50,1
DA:52,1
DA:53,3
DA:55,1
DA:57,1
DA:61,1
DA:62,1
DA:63,1
DA:65,1
DA:66,2
DA:70,1
DA:71,1
DA:74,2
DA:75,1
DA:77,1
DA:78,1
DA:79,2
DA:86,1
DA:87,2
DA:98,1
DA:99,3
DA:108,1
DA:109,3
LF:39
LH:39
end_of_record
SF:lib/routes.dart
DA:12,6
DA:13,2
DA:14,2
DA:17,4
DA:18,2
DA:19,2
DA:22,2
DA:23,1
DA:29,3
DA:33,2
DA:37,1
DA:39,1
DA:40,1
DA:41,3
LF:14
LH:14
end_of_record
